<?xml version="1.0" encoding="UTF-8"?>
<testng-results skipped="0" failed="0" total="0" passed="0">
  <reporter-output>
  </reporter-output>
  <suite name="com.automation.training.AppTest" duration-ms="2" started-at="2020-07-27T18:41:31Z" finished-at="2020-07-27T18:41:31Z">
    <groups>
    </groups>
    <test name="Command line test" duration-ms="2" started-at="2020-07-27T18:41:31Z" finished-at="2020-07-27T18:41:31Z">
    </test> <!-- Command line test -->
  </suite> <!-- com.automation.training.AppTest -->
</testng-results>
