<?xml version="1.0" encoding="UTF-8"?>
<testng-results total="1" passed="1" failed="0" skipped="0">
  <reporter-output>
  </reporter-output>
  <suite started-at="2020-07-27T19:14:41Z" name="Default suite" finished-at="2020-07-27T19:14:41Z" duration-ms="17">
    <groups>
    </groups>
    <test started-at="2020-07-27T19:14:41Z" name="Default test" finished-at="2020-07-27T19:14:41Z" duration-ms="17">
      <class name="com.automation.training.AnnotationTests">
        <test-method signature="testConcact()[pri:0, instance:com.automation.training.AnnotationTests@30b6ffe0]" started-at="2020-07-27T14:14:41Z" name="testConcact" finished-at="2020-07-27T14:14:41Z" duration-ms="8" status="PASS">
          <reporter-output>
          </reporter-output>
        </test-method> <!-- testConcact -->
      </class> <!-- com.automation.training.AnnotationTests -->
    </test> <!-- Default test -->
  </suite> <!-- Default suite -->
</testng-results>
